<?xml version="1.0" encoding="UTF-8"?>
<!-- Generated by org.testng.reporters.JUnitReportReporter -->
<testsuite hostname="DESKTOP-QECORG5" failures="0" tests="1" name="TestNGPackage1.FirstClass" time="0.033" errors="0" timestamp="2024-06-07T19:22:07 IST" skipped="0">
  <testcase classname="TestNGPackage1.FirstClass" name="loginTest" time="0.033"/>
</testsuite> <!-- TestNGPackage1.FirstClass -->
